<?xml version="1.0" encoding="UTF-8"?>
<!-- Generated by org.testng.reporters.JUnitReportReporter -->
<testsuite hostname="INSINDHUA-C1" name="com.annotations.TestForAnnotations" tests="1" failures="0" timestamp="18 Nov 2016 02:53:07 GMT" time="0.083" errors="0">
  <testcase name="TestCase" time="0.083" classname="com.annotations.TestForAnnotations"/>
</testsuite> <!-- com.annotations.TestForAnnotations -->
